<?xml version="1.0" encoding="utf-8"?><testsuites><testsuite name="pytest" errors="0" failures="0" skipped="0" tests="6" time="36.912" timestamp="2025-10-09T19:35:09.150044" hostname="Ankits-MacBook-Air.local"><testcase classname="tests.example_rest_api_tests" name="test_create_user_api_body" time="1.934" /><testcase classname="tests.example_rest_api_tests" name="test_put_update_user_api_body" time="1.416" /><testcase classname="tests.example_rest_api_tests" name="test_patch_update_user_api_body" time="0.918" /><testcase classname="tests.example_rest_api_tests" name="test_get_user_api_body" time="0.843" /><testcase classname="tests.example_rest_api_tests" name="test_invalid_endpoint" time="30.186" /><testcase classname="tests.example_rest_api_tests" name="test_update_non_existent_resource" time="1.412" /></testsuite></testsuites>