<?xml version="1.0" encoding="utf-8"?><testsuites><testsuite name="pytest" errors="0" failures="0" skipped="0" tests="5" time="7.252" timestamp="2025-10-09T18:38:06.027821" hostname="Ankits-MacBook-Air.local"><testcase classname="tests.example_rest_api_tests" name="test_create_user_api" time="1.731" /><testcase classname="tests.example_rest_api_tests" name="test_update_user_api" time="1.132" /><testcase classname="tests.example_rest_api_tests" name="test_get_user_api" time="0.930" /><testcase classname="tests.example_rest_api_tests" name="test_invalid_endpoint" time="1.842" /><testcase classname="tests.example_rest_api_tests" name="test_update_non_existent_resource" time="1.203" /></testsuite></testsuites>